2026-02-21T03:24:52.366180Z  INFO ralph_core::event_loop: Memory injection check: enabled=true, inject=Auto, workspace_root="/home/mobrienv/projects/tonic"
2026-02-21T03:24:52.366219Z  INFO ralph_core::event_loop: Looking for memories at: "/home/mobrienv/projects/tonic/.ralph/agent/memories.md" (exists: true)
2026-02-21T03:24:52.380433Z  INFO ralph_core::event_loop: Successfully loaded 55 memories from store
2026-02-21T03:24:52.380470Z  INFO ralph_core::event_loop: Injecting 55 memories (16136 chars) into prompt
2026-02-21T03:24:52.380561Z  INFO ralph_core::event_loop: Injecting ready tasks (1 ready, 2 open, 69 closed) into prompt
2026-02-21T03:25:47.371556Z  INFO ralph_core::event_loop: Memory injection check: enabled=true, inject=Auto, workspace_root="/home/mobrienv/projects/tonic"
2026-02-21T03:25:47.371573Z  INFO ralph_core::event_loop: Looking for memories at: "/home/mobrienv/projects/tonic/.ralph/agent/memories.md" (exists: true)
2026-02-21T03:25:47.371724Z  INFO ralph_core::event_loop: Successfully loaded 55 memories from store
2026-02-21T03:25:47.371740Z  INFO ralph_core::event_loop: Injecting 55 memories (16136 chars) into prompt
2026-02-21T03:25:47.371760Z  INFO ralph_core::event_loop: Injecting scratchpad (756 chars) into prompt
2026-02-21T03:25:47.371818Z  INFO ralph_core::event_loop: Injecting ready tasks (1 ready, 2 open, 69 closed) into prompt
2026-02-21T03:27:26.580117Z  INFO ralph_core::event_loop: Memory injection check: enabled=true, inject=Auto, workspace_root="/home/mobrienv/projects/tonic"
2026-02-21T03:27:26.580139Z  INFO ralph_core::event_loop: Looking for memories at: "/home/mobrienv/projects/tonic/.ralph/agent/memories.md" (exists: true)
2026-02-21T03:27:26.580277Z  INFO ralph_core::event_loop: Successfully loaded 55 memories from store
2026-02-21T03:27:26.580297Z  INFO ralph_core::event_loop: Injecting 55 memories (16136 chars) into prompt
2026-02-21T03:27:26.580319Z  INFO ralph_core::event_loop: Injecting scratchpad (1330 chars) into prompt
2026-02-21T03:27:26.580386Z  INFO ralph_core::event_loop: Injecting ready tasks (0 ready, 1 open, 70 closed) into prompt
2026-02-21T03:29:06.246309Z  INFO ralph_core::event_loop: Memory injection check: enabled=true, inject=Auto, workspace_root="/home/mobrienv/projects/tonic"
2026-02-21T03:29:06.246327Z  INFO ralph_core::event_loop: Looking for memories at: "/home/mobrienv/projects/tonic/.ralph/agent/memories.md" (exists: true)
2026-02-21T03:29:06.246479Z  INFO ralph_core::event_loop: Successfully loaded 56 memories from store
2026-02-21T03:29:06.246496Z  INFO ralph_core::event_loop: Injecting 56 memories (16467 chars) into prompt
2026-02-21T03:29:06.246517Z  INFO ralph_core::event_loop: Injecting scratchpad (2173 chars) into prompt
2026-02-21T03:29:06.246579Z  INFO ralph_core::event_loop: Injecting ready tasks (1 ready, 2 open, 70 closed) into prompt
2026-02-21T03:30:40.894018Z  INFO ralph_core::event_loop: Memory injection check: enabled=true, inject=Auto, workspace_root="/home/mobrienv/projects/tonic"
2026-02-21T03:30:40.894038Z  INFO ralph_core::event_loop: Looking for memories at: "/home/mobrienv/projects/tonic/.ralph/agent/memories.md" (exists: true)
2026-02-21T03:30:40.894177Z  INFO ralph_core::event_loop: Successfully loaded 56 memories from store
2026-02-21T03:30:40.894193Z  INFO ralph_core::event_loop: Injecting 56 memories (16467 chars) into prompt
2026-02-21T03:30:40.894220Z  INFO ralph_core::event_loop: Injecting scratchpad (2732 chars) into prompt
2026-02-21T03:30:40.894281Z  INFO ralph_core::event_loop: Injecting ready tasks (0 ready, 1 open, 71 closed) into prompt
2026-02-21T03:32:40.345415Z  INFO ralph_core::event_loop: Memory injection check: enabled=true, inject=Auto, workspace_root="/home/mobrienv/projects/tonic"
2026-02-21T03:32:40.345435Z  INFO ralph_core::event_loop: Looking for memories at: "/home/mobrienv/projects/tonic/.ralph/agent/memories.md" (exists: true)
2026-02-21T03:32:40.345594Z  INFO ralph_core::event_loop: Successfully loaded 58 memories from store
2026-02-21T03:32:40.345621Z  INFO ralph_core::event_loop: Injecting 58 memories (16975 chars) into prompt
2026-02-21T03:32:40.345660Z  INFO ralph_core::event_loop: Injecting scratchpad (3647 chars) into prompt
2026-02-21T03:32:40.345716Z  INFO ralph_core::event_loop: Injecting ready tasks (0 ready, 1 open, 71 closed) into prompt
2026-02-21T03:35:55.926711Z  INFO ralph_core::event_loop: Memory injection check: enabled=true, inject=Auto, workspace_root="/home/mobrienv/projects/tonic"
2026-02-21T03:35:55.926733Z  INFO ralph_core::event_loop: Looking for memories at: "/home/mobrienv/projects/tonic/.ralph/agent/memories.md" (exists: true)
2026-02-21T03:35:55.926876Z  INFO ralph_core::event_loop: Successfully loaded 58 memories from store
2026-02-21T03:35:55.926893Z  INFO ralph_core::event_loop: Injecting 58 memories (16975 chars) into prompt
2026-02-21T03:35:55.926958Z  INFO ralph_core::event_loop: Injecting scratchpad (19030 chars) into prompt
2026-02-21T03:35:55.927028Z  INFO ralph_core::event_loop: Injecting ready tasks (0 ready, 1 open, 71 closed) into prompt
2026-02-21T03:37:00.493495Z  INFO ralph_core::event_loop: Memory injection check: enabled=true, inject=Auto, workspace_root="/home/mobrienv/projects/tonic"
2026-02-21T03:37:00.493523Z  INFO ralph_core::event_loop: Looking for memories at: "/home/mobrienv/projects/tonic/.ralph/agent/memories.md" (exists: true)
2026-02-21T03:37:00.493697Z  INFO ralph_core::event_loop: Successfully loaded 58 memories from store
2026-02-21T03:37:00.493715Z  INFO ralph_core::event_loop: Injecting 58 memories (16975 chars) into prompt
2026-02-21T03:37:00.493786Z  INFO ralph_core::event_loop: Injecting scratchpad (19223 chars) into prompt
2026-02-21T03:37:00.493854Z  INFO ralph_core::event_loop: Injecting ready tasks (1 ready, 3 open, 71 closed) into prompt
2026-02-21T03:41:05.638396Z  INFO ralph_core::event_loop: Memory injection check: enabled=true, inject=Auto, workspace_root="/home/mobrienv/projects/tonic"
2026-02-21T03:41:05.638417Z  INFO ralph_core::event_loop: Looking for memories at: "/home/mobrienv/projects/tonic/.ralph/agent/memories.md" (exists: true)
2026-02-21T03:41:05.638570Z  INFO ralph_core::event_loop: Successfully loaded 59 memories from store
2026-02-21T03:41:05.638589Z  INFO ralph_core::event_loop: Injecting 59 memories (17319 chars) into prompt
2026-02-21T03:41:05.638661Z  INFO ralph_core::event_loop: Injecting scratchpad (19255 chars) into prompt
2026-02-21T03:41:05.638725Z  INFO ralph_core::event_loop: Injecting ready tasks (1 ready, 2 open, 72 closed) into prompt
2026-02-21T03:45:18.830373Z  INFO ralph_core::event_loop: Memory injection check: enabled=true, inject=Auto, workspace_root="/home/mobrienv/projects/tonic"
2026-02-21T03:45:18.830392Z  INFO ralph_core::event_loop: Looking for memories at: "/home/mobrienv/projects/tonic/.ralph/agent/memories.md" (exists: true)
2026-02-21T03:45:18.830541Z  INFO ralph_core::event_loop: Successfully loaded 60 memories from store
2026-02-21T03:45:18.830559Z  INFO ralph_core::event_loop: Injecting 60 memories (17678 chars) into prompt
2026-02-21T03:45:18.830648Z  INFO ralph_core::event_loop: Injecting scratchpad (19300 chars) into prompt
2026-02-21T03:45:18.830728Z  INFO ralph_core::event_loop: Injecting ready tasks (0 ready, 1 open, 73 closed) into prompt
2026-02-21T03:47:47.939264Z  INFO ralph_core::event_loop: Memory injection check: enabled=true, inject=Auto, workspace_root="/home/mobrienv/projects/tonic"
2026-02-21T03:47:47.939284Z  INFO ralph_core::event_loop: Looking for memories at: "/home/mobrienv/projects/tonic/.ralph/agent/memories.md" (exists: true)
2026-02-21T03:47:47.939437Z  INFO ralph_core::event_loop: Successfully loaded 61 memories from store
2026-02-21T03:47:47.939456Z  INFO ralph_core::event_loop: Injecting 61 memories (18028 chars) into prompt
2026-02-21T03:47:47.939513Z  INFO ralph_core::event_loop: Injecting scratchpad (19324 chars) into prompt
2026-02-21T03:47:47.939572Z  INFO ralph_core::event_loop: Injecting ready tasks (1 ready, 2 open, 74 closed) into prompt
2026-02-21T03:50:21.821158Z  INFO ralph_core::event_loop: Memory injection check: enabled=true, inject=Auto, workspace_root="/home/mobrienv/projects/tonic"
2026-02-21T03:50:21.821182Z  INFO ralph_core::event_loop: Looking for memories at: "/home/mobrienv/projects/tonic/.ralph/agent/memories.md" (exists: true)
2026-02-21T03:50:21.821336Z  INFO ralph_core::event_loop: Successfully loaded 62 memories from store
2026-02-21T03:50:21.821356Z  INFO ralph_core::event_loop: Injecting 62 memories (18403 chars) into prompt
2026-02-21T03:50:21.821423Z  INFO ralph_core::event_loop: Injecting scratchpad (19423 chars) into prompt
2026-02-21T03:50:21.821530Z  INFO ralph_core::event_loop: Injecting ready tasks (0 ready, 1 open, 75 closed) into prompt
2026-02-21T03:52:54.483055Z  INFO ralph_core::event_loop: Memory injection check: enabled=true, inject=Auto, workspace_root="/home/mobrienv/projects/tonic"
2026-02-21T03:52:54.483075Z  INFO ralph_core::event_loop: Looking for memories at: "/home/mobrienv/projects/tonic/.ralph/agent/memories.md" (exists: true)
2026-02-21T03:52:54.483234Z  INFO ralph_core::event_loop: Successfully loaded 63 memories from store
2026-02-21T03:52:54.483254Z  INFO ralph_core::event_loop: Injecting 63 memories (18786 chars) into prompt
2026-02-21T03:52:54.483315Z  INFO ralph_core::event_loop: Injecting scratchpad (19418 chars) into prompt
2026-02-21T03:52:54.483388Z  INFO ralph_core::event_loop: Injecting ready tasks (1 ready, 2 open, 76 closed) into prompt
2026-02-21T03:57:24.769905Z  INFO ralph_core::event_loop: Memory injection check: enabled=true, inject=Auto, workspace_root="/home/mobrienv/projects/tonic"
2026-02-21T03:57:24.769926Z  INFO ralph_core::event_loop: Looking for memories at: "/home/mobrienv/projects/tonic/.ralph/agent/memories.md" (exists: true)
2026-02-21T03:57:24.770087Z  INFO ralph_core::event_loop: Successfully loaded 65 memories from store
2026-02-21T03:57:24.770110Z  INFO ralph_core::event_loop: Injecting 65 memories (19484 chars) into prompt
2026-02-21T03:57:24.770171Z  INFO ralph_core::event_loop: Injecting scratchpad (19555 chars) into prompt
2026-02-21T03:57:24.770227Z  INFO ralph_core::event_loop: Injecting ready tasks (0 ready, 1 open, 77 closed) into prompt
2026-02-21T04:00:11.525309Z  INFO ralph_core::event_loop: Memory injection check: enabled=true, inject=Auto, workspace_root="/home/mobrienv/projects/tonic"
2026-02-21T04:00:11.525330Z  INFO ralph_core::event_loop: Looking for memories at: "/home/mobrienv/projects/tonic/.ralph/agent/memories.md" (exists: true)
2026-02-21T04:00:11.525501Z  INFO ralph_core::event_loop: Successfully loaded 67 memories from store
2026-02-21T04:00:11.525525Z  INFO ralph_core::event_loop: Injecting 67 memories (20266 chars) into prompt
2026-02-21T04:00:11.525590Z  INFO ralph_core::event_loop: Injecting scratchpad (19603 chars) into prompt
2026-02-21T04:00:11.525659Z  INFO ralph_core::event_loop: Injecting ready tasks (1 ready, 2 open, 78 closed) into prompt
2026-02-21T04:03:28.516476Z  INFO ralph_core::event_loop: Memory injection check: enabled=true, inject=Auto, workspace_root="/home/mobrienv/projects/tonic"
2026-02-21T04:03:28.516498Z  INFO ralph_core::event_loop: Looking for memories at: "/home/mobrienv/projects/tonic/.ralph/agent/memories.md" (exists: true)
2026-02-21T04:03:28.516684Z  INFO ralph_core::event_loop: Successfully loaded 68 memories from store
2026-02-21T04:03:28.516704Z  INFO ralph_core::event_loop: Injecting 68 memories (20543 chars) into prompt
2026-02-21T04:03:28.516780Z  INFO ralph_core::event_loop: Injecting scratchpad (19572 chars) into prompt
2026-02-21T04:03:28.516845Z  INFO ralph_core::event_loop: Injecting ready tasks (0 ready, 1 open, 79 closed) into prompt
2026-02-21T04:05:24.870953Z  INFO ralph_core::event_loop: Memory injection check: enabled=true, inject=Auto, workspace_root="/home/mobrienv/projects/tonic"
2026-02-21T04:05:24.870981Z  INFO ralph_core::event_loop: Looking for memories at: "/home/mobrienv/projects/tonic/.ralph/agent/memories.md" (exists: true)
2026-02-21T04:05:24.871180Z  INFO ralph_core::event_loop: Successfully loaded 69 memories from store
2026-02-21T04:05:24.871206Z  INFO ralph_core::event_loop: Injecting 69 memories (20959 chars) into prompt
2026-02-21T04:05:24.871280Z  INFO ralph_core::event_loop: Injecting scratchpad (19755 chars) into prompt
2026-02-21T04:05:24.871353Z  INFO ralph_core::event_loop: Injecting ready tasks (0 ready, 1 open, 79 closed) into prompt
2026-02-21T04:09:08.798622Z  INFO ralph_core::event_loop: Memory injection check: enabled=true, inject=Auto, workspace_root="/home/mobrienv/projects/tonic"
2026-02-21T04:09:08.798645Z  INFO ralph_core::event_loop: Looking for memories at: "/home/mobrienv/projects/tonic/.ralph/agent/memories.md" (exists: true)
2026-02-21T04:09:08.798817Z  INFO ralph_core::event_loop: Successfully loaded 69 memories from store
2026-02-21T04:09:08.798838Z  INFO ralph_core::event_loop: Injecting 69 memories (20959 chars) into prompt
2026-02-21T04:09:08.798907Z  INFO ralph_core::event_loop: Injecting scratchpad (19772 chars) into prompt
2026-02-21T04:09:08.798989Z  INFO ralph_core::event_loop: Injecting ready tasks (0 ready, 1 open, 79 closed) into prompt
2026-02-21T04:11:14.851907Z  INFO ralph_core::event_loop: Completion event detected in JSONL topic=LOOP_COMPLETE
2026-02-21T04:11:14.852085Z  INFO ralph_core::event_loop: Completion event detected - terminating
2026-02-21T04:11:14.852090Z  INFO ralph::loop_runner: Completion event LOOP_COMPLETE detected.
2026-02-21T04:11:14.852099Z  INFO ralph_core::event_loop: Wrapping up: completed. 18 iterations in 46m 22s. reason=completed iterations=18 duration=46m 22s
2026-02-21T04:11:14.855223Z  INFO ralph_core::landing: Beginning landing sequence loop_id=primary
2026-02-21T04:11:14.855291Z  WARN ralph_core::landing: Landing with 1 open tasks loop_id=primary open_tasks=["task-1771633233-2c6c"]
