2026-02-20T23:21:12.919892Z  INFO ralph_core::event_loop: Memory injection check: enabled=true, inject=Auto, workspace_root="/home/mobrienv/projects/tonic"
2026-02-20T23:21:12.919923Z  INFO ralph_core::event_loop: Looking for memories at: "/home/mobrienv/projects/tonic/.ralph/agent/memories.md" (exists: true)
2026-02-20T23:21:12.931038Z  INFO ralph_core::event_loop: Successfully loaded 1 memories from store
2026-02-20T23:21:12.931073Z  INFO ralph_core::event_loop: Injecting 1 memories (265 chars) into prompt
2026-02-20T23:21:12.931160Z  INFO ralph_core::event_loop: Injecting ready tasks (1 ready, 7 open, 0 closed) into prompt
2026-02-20T23:22:13.886899Z  INFO ralph_core::event_loop: Memory injection check: enabled=true, inject=Auto, workspace_root="/home/mobrienv/projects/tonic"
2026-02-20T23:22:13.886917Z  INFO ralph_core::event_loop: Looking for memories at: "/home/mobrienv/projects/tonic/.ralph/agent/memories.md" (exists: true)
2026-02-20T23:22:13.886954Z  INFO ralph_core::event_loop: Successfully loaded 1 memories from store
2026-02-20T23:22:13.886957Z  INFO ralph_core::event_loop: Injecting 1 memories (265 chars) into prompt
2026-02-20T23:22:13.886971Z  INFO ralph_core::event_loop: Injecting scratchpad (434 chars) into prompt
2026-02-20T23:22:13.886994Z  INFO ralph_core::event_loop: Injecting ready tasks (1 ready, 7 open, 0 closed) into prompt
2026-02-20T23:23:58.094003Z  INFO ralph_core::event_loop: Memory injection check: enabled=true, inject=Auto, workspace_root="/home/mobrienv/projects/tonic"
2026-02-20T23:23:58.094023Z  INFO ralph_core::event_loop: Looking for memories at: "/home/mobrienv/projects/tonic/.ralph/agent/memories.md" (exists: true)
2026-02-20T23:23:58.094063Z  INFO ralph_core::event_loop: Successfully loaded 1 memories from store
2026-02-20T23:23:58.094066Z  INFO ralph_core::event_loop: Injecting 1 memories (265 chars) into prompt
2026-02-20T23:23:58.094077Z  INFO ralph_core::event_loop: Injecting scratchpad (1001 chars) into prompt
2026-02-20T23:23:58.094098Z  INFO ralph_core::event_loop: Injecting ready tasks (1 ready, 6 open, 1 closed) into prompt
2026-02-20T23:26:43.762071Z  INFO ralph_core::event_loop: Memory injection check: enabled=true, inject=Auto, workspace_root="/home/mobrienv/projects/tonic"
2026-02-20T23:26:43.762091Z  INFO ralph_core::event_loop: Looking for memories at: "/home/mobrienv/projects/tonic/.ralph/agent/memories.md" (exists: true)
2026-02-20T23:26:43.762138Z  INFO ralph_core::event_loop: Successfully loaded 2 memories from store
2026-02-20T23:26:43.762142Z  INFO ralph_core::event_loop: Injecting 2 memories (486 chars) into prompt
2026-02-20T23:26:43.762154Z  INFO ralph_core::event_loop: Injecting scratchpad (1613 chars) into prompt
2026-02-20T23:26:43.762182Z  INFO ralph_core::event_loop: Injecting ready tasks (1 ready, 5 open, 2 closed) into prompt
2026-02-20T23:28:00.689360Z  INFO ralph_core::event_loop: Memory injection check: enabled=true, inject=Auto, workspace_root="/home/mobrienv/projects/tonic"
2026-02-20T23:28:00.689375Z  INFO ralph_core::event_loop: Looking for memories at: "/home/mobrienv/projects/tonic/.ralph/agent/memories.md" (exists: true)
2026-02-20T23:28:00.689420Z  INFO ralph_core::event_loop: Successfully loaded 2 memories from store
2026-02-20T23:28:00.689424Z  INFO ralph_core::event_loop: Injecting 2 memories (486 chars) into prompt
2026-02-20T23:28:00.689436Z  INFO ralph_core::event_loop: Injecting scratchpad (2197 chars) into prompt
2026-02-20T23:28:00.689460Z  INFO ralph_core::event_loop: Injecting ready tasks (1 ready, 4 open, 3 closed) into prompt
2026-02-20T23:31:11.959098Z  INFO ralph_core::event_loop: Memory injection check: enabled=true, inject=Auto, workspace_root="/home/mobrienv/projects/tonic"
2026-02-20T23:31:11.959116Z  INFO ralph_core::event_loop: Looking for memories at: "/home/mobrienv/projects/tonic/.ralph/agent/memories.md" (exists: true)
2026-02-20T23:31:11.959161Z  INFO ralph_core::event_loop: Successfully loaded 3 memories from store
2026-02-20T23:31:11.959165Z  INFO ralph_core::event_loop: Injecting 3 memories (746 chars) into prompt
2026-02-20T23:31:11.959190Z  INFO ralph_core::event_loop: Injecting scratchpad (2989 chars) into prompt
2026-02-20T23:31:11.959215Z  INFO ralph_core::event_loop: Injecting ready tasks (1 ready, 3 open, 4 closed) into prompt
2026-02-20T23:34:20.643923Z  INFO ralph_core::event_loop: Memory injection check: enabled=true, inject=Auto, workspace_root="/home/mobrienv/projects/tonic"
2026-02-20T23:34:20.643942Z  INFO ralph_core::event_loop: Looking for memories at: "/home/mobrienv/projects/tonic/.ralph/agent/memories.md" (exists: true)
2026-02-20T23:34:20.643987Z  INFO ralph_core::event_loop: Successfully loaded 3 memories from store
2026-02-20T23:34:20.643991Z  INFO ralph_core::event_loop: Injecting 3 memories (746 chars) into prompt
2026-02-20T23:34:20.644004Z  INFO ralph_core::event_loop: Injecting scratchpad (3773 chars) into prompt
2026-02-20T23:34:20.644027Z  INFO ralph_core::event_loop: Injecting ready tasks (1 ready, 2 open, 5 closed) into prompt
2026-02-20T23:37:12.090438Z  INFO ralph_core::event_loop: Memory injection check: enabled=true, inject=Auto, workspace_root="/home/mobrienv/projects/tonic"
2026-02-20T23:37:12.090457Z  INFO ralph_core::event_loop: Looking for memories at: "/home/mobrienv/projects/tonic/.ralph/agent/memories.md" (exists: true)
2026-02-20T23:37:12.090505Z  INFO ralph_core::event_loop: Successfully loaded 4 memories from store
2026-02-20T23:37:12.090514Z  INFO ralph_core::event_loop: Injecting 4 memories (967 chars) into prompt
2026-02-20T23:37:12.090535Z  INFO ralph_core::event_loop: Injecting scratchpad (4688 chars) into prompt
2026-02-20T23:37:12.090558Z  INFO ralph_core::event_loop: Injecting ready tasks (1 ready, 1 open, 6 closed) into prompt
2026-02-20T23:41:08.969003Z  INFO ralph_core::event_loop: Memory injection check: enabled=true, inject=Auto, workspace_root="/home/mobrienv/projects/tonic"
2026-02-20T23:41:08.969020Z  INFO ralph_core::event_loop: Looking for memories at: "/home/mobrienv/projects/tonic/.ralph/agent/memories.md" (exists: true)
2026-02-20T23:41:08.969116Z  INFO ralph_core::event_loop: Successfully loaded 5 memories from store
2026-02-20T23:41:08.969121Z  INFO ralph_core::event_loop: Injecting 5 memories (1194 chars) into prompt
2026-02-20T23:41:08.969136Z  INFO ralph_core::event_loop: Injecting scratchpad (5641 chars) into prompt
2026-02-20T23:41:08.969165Z  INFO ralph_core::event_loop: Injecting ready tasks (0 ready, 0 open, 7 closed) into prompt
2026-02-20T23:43:10.207727Z  INFO ralph_core::event_loop: Memory injection check: enabled=true, inject=Auto, workspace_root="/home/mobrienv/projects/tonic"
2026-02-20T23:43:10.207744Z  INFO ralph_core::event_loop: Looking for memories at: "/home/mobrienv/projects/tonic/.ralph/agent/memories.md" (exists: true)
2026-02-20T23:43:10.207837Z  INFO ralph_core::event_loop: Successfully loaded 5 memories from store
2026-02-20T23:43:10.207842Z  INFO ralph_core::event_loop: Injecting 5 memories (1194 chars) into prompt
2026-02-20T23:43:10.207855Z  INFO ralph_core::event_loop: Injecting scratchpad (6344 chars) into prompt
2026-02-20T23:43:10.207891Z  INFO ralph_core::event_loop: Injecting ready tasks (1 ready, 1 open, 8 closed) into prompt
2026-02-20T23:44:42.120836Z  INFO ralph_core::event_loop: Memory injection check: enabled=true, inject=Auto, workspace_root="/home/mobrienv/projects/tonic"
2026-02-20T23:44:42.120855Z  INFO ralph_core::event_loop: Looking for memories at: "/home/mobrienv/projects/tonic/.ralph/agent/memories.md" (exists: true)
2026-02-20T23:44:42.120906Z  INFO ralph_core::event_loop: Successfully loaded 5 memories from store
2026-02-20T23:44:42.120911Z  INFO ralph_core::event_loop: Injecting 5 memories (1194 chars) into prompt
2026-02-20T23:44:42.120925Z  INFO ralph_core::event_loop: Injecting scratchpad (6958 chars) into prompt
2026-02-20T23:44:42.120956Z  INFO ralph_core::event_loop: Injecting ready tasks (0 ready, 0 open, 9 closed) into prompt
2026-02-20T23:47:16.955151Z  INFO ralph_core::event_loop: Memory injection check: enabled=true, inject=Auto, workspace_root="/home/mobrienv/projects/tonic"
2026-02-20T23:47:16.955169Z  INFO ralph_core::event_loop: Looking for memories at: "/home/mobrienv/projects/tonic/.ralph/agent/memories.md" (exists: true)
2026-02-20T23:47:16.955225Z  INFO ralph_core::event_loop: Successfully loaded 5 memories from store
2026-02-20T23:47:16.955230Z  INFO ralph_core::event_loop: Injecting 5 memories (1194 chars) into prompt
2026-02-20T23:47:16.955246Z  INFO ralph_core::event_loop: Injecting scratchpad (7735 chars) into prompt
2026-02-20T23:47:16.955274Z  INFO ralph_core::event_loop: Injecting ready tasks (1 ready, 1 open, 10 closed) into prompt
2026-02-20T23:50:17.962313Z  INFO ralph_core::event_loop: Memory injection check: enabled=true, inject=Auto, workspace_root="/home/mobrienv/projects/tonic"
2026-02-20T23:50:17.962332Z  INFO ralph_core::event_loop: Looking for memories at: "/home/mobrienv/projects/tonic/.ralph/agent/memories.md" (exists: true)
2026-02-20T23:50:17.962385Z  INFO ralph_core::event_loop: Successfully loaded 6 memories from store
2026-02-20T23:50:17.962390Z  INFO ralph_core::event_loop: Injecting 6 memories (1432 chars) into prompt
2026-02-20T23:50:17.962407Z  INFO ralph_core::event_loop: Injecting scratchpad (8654 chars) into prompt
2026-02-20T23:50:17.962434Z  INFO ralph_core::event_loop: Injecting ready tasks (0 ready, 0 open, 11 closed) into prompt
2026-02-20T23:52:38.710910Z  INFO ralph_core::event_loop: Memory injection check: enabled=true, inject=Auto, workspace_root="/home/mobrienv/projects/tonic"
2026-02-20T23:52:38.710928Z  INFO ralph_core::event_loop: Looking for memories at: "/home/mobrienv/projects/tonic/.ralph/agent/memories.md" (exists: true)
2026-02-20T23:52:38.710980Z  INFO ralph_core::event_loop: Successfully loaded 6 memories from store
2026-02-20T23:52:38.710985Z  INFO ralph_core::event_loop: Injecting 6 memories (1432 chars) into prompt
2026-02-20T23:52:38.711000Z  INFO ralph_core::event_loop: Injecting scratchpad (9586 chars) into prompt
2026-02-20T23:52:38.711028Z  INFO ralph_core::event_loop: Injecting ready tasks (1 ready, 1 open, 12 closed) into prompt
2026-02-20T23:55:20.175931Z  INFO ralph_core::event_loop: Memory injection check: enabled=true, inject=Auto, workspace_root="/home/mobrienv/projects/tonic"
2026-02-20T23:55:20.175950Z  INFO ralph_core::event_loop: Looking for memories at: "/home/mobrienv/projects/tonic/.ralph/agent/memories.md" (exists: true)
2026-02-20T23:55:20.176003Z  INFO ralph_core::event_loop: Successfully loaded 6 memories from store
2026-02-20T23:55:20.176009Z  INFO ralph_core::event_loop: Injecting 6 memories (1432 chars) into prompt
2026-02-20T23:55:20.176026Z  INFO ralph_core::event_loop: Injecting scratchpad (10413 chars) into prompt
2026-02-20T23:55:20.176055Z  INFO ralph_core::event_loop: Injecting ready tasks (0 ready, 0 open, 13 closed) into prompt
2026-02-20T23:59:16.360775Z  INFO ralph_core::event_loop: Memory injection check: enabled=true, inject=Auto, workspace_root="/home/mobrienv/projects/tonic"
2026-02-20T23:59:16.360794Z  INFO ralph_core::event_loop: Looking for memories at: "/home/mobrienv/projects/tonic/.ralph/agent/memories.md" (exists: true)
2026-02-20T23:59:16.360856Z  INFO ralph_core::event_loop: Successfully loaded 8 memories from store
2026-02-20T23:59:16.360862Z  INFO ralph_core::event_loop: Injecting 8 memories (1955 chars) into prompt
2026-02-20T23:59:16.360879Z  INFO ralph_core::event_loop: Injecting scratchpad (11471 chars) into prompt
2026-02-20T23:59:16.360906Z  INFO ralph_core::event_loop: Injecting ready tasks (0 ready, 0 open, 14 closed) into prompt
2026-02-21T00:01:43.595475Z  INFO ralph_core::event_loop: Memory injection check: enabled=true, inject=Auto, workspace_root="/home/mobrienv/projects/tonic"
2026-02-21T00:01:43.595496Z  INFO ralph_core::event_loop: Looking for memories at: "/home/mobrienv/projects/tonic/.ralph/agent/memories.md" (exists: true)
2026-02-21T00:01:43.595571Z  INFO ralph_core::event_loop: Successfully loaded 9 memories from store
2026-02-21T00:01:43.595577Z  INFO ralph_core::event_loop: Injecting 9 memories (2211 chars) into prompt
2026-02-21T00:01:43.595596Z  INFO ralph_core::event_loop: Injecting scratchpad (12587 chars) into prompt
2026-02-21T00:01:43.595689Z  INFO ralph_core::event_loop: Injecting ready tasks (1 ready, 1 open, 15 closed) into prompt
2026-02-21T00:05:38.685980Z  INFO ralph_core::event_loop: Memory injection check: enabled=true, inject=Auto, workspace_root="/home/mobrienv/projects/tonic"
2026-02-21T00:05:38.686006Z  INFO ralph_core::event_loop: Looking for memories at: "/home/mobrienv/projects/tonic/.ralph/agent/memories.md" (exists: true)
2026-02-21T00:05:38.686091Z  INFO ralph_core::event_loop: Successfully loaded 10 memories from store
2026-02-21T00:05:38.686100Z  INFO ralph_core::event_loop: Injecting 10 memories (2449 chars) into prompt
2026-02-21T00:05:38.686122Z  INFO ralph_core::event_loop: Injecting scratchpad (13807 chars) into prompt
2026-02-21T00:05:38.686210Z  INFO ralph_core::event_loop: Injecting ready tasks (0 ready, 0 open, 16 closed) into prompt
2026-02-21T00:07:46.575282Z  INFO ralph_core::event_loop: Memory injection check: enabled=true, inject=Auto, workspace_root="/home/mobrienv/projects/tonic"
2026-02-21T00:07:46.575301Z  INFO ralph_core::event_loop: Looking for memories at: "/home/mobrienv/projects/tonic/.ralph/agent/memories.md" (exists: true)
2026-02-21T00:07:46.575360Z  INFO ralph_core::event_loop: Successfully loaded 10 memories from store
2026-02-21T00:07:46.575367Z  INFO ralph_core::event_loop: Injecting 10 memories (2449 chars) into prompt
2026-02-21T00:07:46.575382Z  INFO ralph_core::event_loop: Injecting scratchpad (14784 chars) into prompt
2026-02-21T00:07:46.575419Z  INFO ralph_core::event_loop: Injecting ready tasks (1 ready, 1 open, 17 closed) into prompt
2026-02-21T00:10:47.263209Z  INFO ralph_core::event_loop: Memory injection check: enabled=true, inject=Auto, workspace_root="/home/mobrienv/projects/tonic"
2026-02-21T00:10:47.263228Z  INFO ralph_core::event_loop: Looking for memories at: "/home/mobrienv/projects/tonic/.ralph/agent/memories.md" (exists: true)
2026-02-21T00:10:47.263290Z  INFO ralph_core::event_loop: Successfully loaded 11 memories from store
2026-02-21T00:10:47.263296Z  INFO ralph_core::event_loop: Injecting 11 memories (2672 chars) into prompt
2026-02-21T00:10:47.263313Z  INFO ralph_core::event_loop: Injecting scratchpad (15839 chars) into prompt
2026-02-21T00:10:47.263402Z  INFO ralph_core::event_loop: Injecting ready tasks (0 ready, 0 open, 18 closed) into prompt
2026-02-21T00:15:56.684396Z  INFO ralph_core::event_loop: Memory injection check: enabled=true, inject=Auto, workspace_root="/home/mobrienv/projects/tonic"
2026-02-21T00:15:56.684413Z  INFO ralph_core::event_loop: Looking for memories at: "/home/mobrienv/projects/tonic/.ralph/agent/memories.md" (exists: true)
2026-02-21T00:15:56.684476Z  INFO ralph_core::event_loop: Successfully loaded 12 memories from store
2026-02-21T00:15:56.684483Z  INFO ralph_core::event_loop: Injecting 12 memories (2895 chars) into prompt
2026-02-21T00:15:56.684499Z  INFO ralph_core::event_loop: Injecting scratchpad (16201 chars) into prompt
2026-02-21T00:15:56.684585Z  INFO ralph_core::event_loop: Injecting ready tasks (0 ready, 0 open, 19 closed) into prompt
2026-02-21T00:17:56.025575Z  INFO ralph_core::event_loop: Memory injection check: enabled=true, inject=Auto, workspace_root="/home/mobrienv/projects/tonic"
2026-02-21T00:17:56.025643Z  INFO ralph_core::event_loop: Looking for memories at: "/home/mobrienv/projects/tonic/.ralph/agent/memories.md" (exists: true)
2026-02-21T00:17:56.025764Z  INFO ralph_core::event_loop: Successfully loaded 12 memories from store
2026-02-21T00:17:56.025779Z  INFO ralph_core::event_loop: Injecting 12 memories (2895 chars) into prompt
2026-02-21T00:17:56.025819Z  INFO ralph_core::event_loop: Injecting scratchpad (16247 chars) into prompt
2026-02-21T00:17:56.025960Z  INFO ralph_core::event_loop: Injecting ready tasks (1 ready, 1 open, 20 closed) into prompt
2026-02-21T00:19:43.808037Z  INFO ralph_core::event_loop: Memory injection check: enabled=true, inject=Auto, workspace_root="/home/mobrienv/projects/tonic"
2026-02-21T00:19:43.809032Z  INFO ralph_core::event_loop: Looking for memories at: "/home/mobrienv/projects/tonic/.ralph/agent/memories.md" (exists: true)
2026-02-21T00:19:43.809170Z  INFO ralph_core::event_loop: Successfully loaded 12 memories from store
2026-02-21T00:19:43.809179Z  INFO ralph_core::event_loop: Injecting 12 memories (2895 chars) into prompt
2026-02-21T00:19:43.809211Z  INFO ralph_core::event_loop: Injecting scratchpad (16370 chars) into prompt
2026-02-21T00:19:43.809244Z  INFO ralph_core::event_loop: Injecting ready tasks (0 ready, 0 open, 21 closed) into prompt
2026-02-21T00:22:21.565718Z  INFO ralph_core::event_loop: Memory injection check: enabled=true, inject=Auto, workspace_root="/home/mobrienv/projects/tonic"
2026-02-21T00:22:21.565735Z  INFO ralph_core::event_loop: Looking for memories at: "/home/mobrienv/projects/tonic/.ralph/agent/memories.md" (exists: true)
2026-02-21T00:22:21.565798Z  INFO ralph_core::event_loop: Successfully loaded 12 memories from store
2026-02-21T00:22:21.565804Z  INFO ralph_core::event_loop: Injecting 12 memories (2895 chars) into prompt
2026-02-21T00:22:21.565826Z  INFO ralph_core::event_loop: Injecting scratchpad (16408 chars) into prompt
2026-02-21T00:22:21.565909Z  INFO ralph_core::event_loop: Injecting ready tasks (1 ready, 2 open, 22 closed) into prompt
2026-02-21T00:25:51.877904Z  INFO ralph_core::event_loop: Memory injection check: enabled=true, inject=Auto, workspace_root="/home/mobrienv/projects/tonic"
2026-02-21T00:25:51.877924Z  INFO ralph_core::event_loop: Looking for memories at: "/home/mobrienv/projects/tonic/.ralph/agent/memories.md" (exists: true)
2026-02-21T00:25:51.878049Z  INFO ralph_core::event_loop: Successfully loaded 12 memories from store
2026-02-21T00:25:51.878056Z  INFO ralph_core::event_loop: Injecting 12 memories (2895 chars) into prompt
2026-02-21T00:25:51.878079Z  INFO ralph_core::event_loop: Injecting scratchpad (16301 chars) into prompt
2026-02-21T00:25:51.878128Z  INFO ralph_core::event_loop: Injecting ready tasks (0 ready, 1 open, 23 closed) into prompt
2026-02-21T00:31:05.607552Z  INFO ralph_core::event_loop: Memory injection check: enabled=true, inject=Auto, workspace_root="/home/mobrienv/projects/tonic"
2026-02-21T00:31:05.607570Z  INFO ralph_core::event_loop: Looking for memories at: "/home/mobrienv/projects/tonic/.ralph/agent/memories.md" (exists: true)
2026-02-21T00:31:05.607697Z  INFO ralph_core::event_loop: Successfully loaded 13 memories from store
2026-02-21T00:31:05.607705Z  INFO ralph_core::event_loop: Injecting 13 memories (3151 chars) into prompt
2026-02-21T00:31:05.607728Z  INFO ralph_core::event_loop: Injecting scratchpad (16542 chars) into prompt
2026-02-21T00:31:05.607771Z  INFO ralph_core::event_loop: Injecting ready tasks (0 ready, 1 open, 24 closed) into prompt
2026-02-21T00:33:08.445700Z  INFO ralph_core::event_loop: Memory injection check: enabled=true, inject=Auto, workspace_root="/home/mobrienv/projects/tonic"
2026-02-21T00:33:08.445719Z  INFO ralph_core::event_loop: Looking for memories at: "/home/mobrienv/projects/tonic/.ralph/agent/memories.md" (exists: true)
2026-02-21T00:33:08.445788Z  INFO ralph_core::event_loop: Successfully loaded 14 memories from store
2026-02-21T00:33:08.445796Z  INFO ralph_core::event_loop: Injecting 14 memories (3392 chars) into prompt
2026-02-21T00:33:08.445877Z  INFO ralph_core::event_loop: Injecting scratchpad (16689 chars) into prompt
2026-02-21T00:33:08.445913Z  INFO ralph_core::event_loop: Injecting ready tasks (1 ready, 2 open, 25 closed) into prompt
2026-02-21T00:36:12.654178Z  INFO ralph_core::event_loop: Memory injection check: enabled=true, inject=Auto, workspace_root="/home/mobrienv/projects/tonic"
2026-02-21T00:36:12.654197Z  INFO ralph_core::event_loop: Looking for memories at: "/home/mobrienv/projects/tonic/.ralph/agent/memories.md" (exists: true)
2026-02-21T00:36:12.654263Z  INFO ralph_core::event_loop: Successfully loaded 14 memories from store
2026-02-21T00:36:12.654271Z  INFO ralph_core::event_loop: Injecting 14 memories (3392 chars) into prompt
2026-02-21T00:36:12.654309Z  INFO ralph_core::event_loop: Injecting scratchpad (16557 chars) into prompt
2026-02-21T00:36:12.654352Z  INFO ralph_core::event_loop: Injecting ready tasks (0 ready, 1 open, 26 closed) into prompt
2026-02-21T00:39:23.986533Z  INFO ralph_core::event_loop: Memory injection check: enabled=true, inject=Auto, workspace_root="/home/mobrienv/projects/tonic"
2026-02-21T00:39:23.986552Z  INFO ralph_core::event_loop: Looking for memories at: "/home/mobrienv/projects/tonic/.ralph/agent/memories.md" (exists: true)
2026-02-21T00:39:23.986629Z  INFO ralph_core::event_loop: Successfully loaded 14 memories from store
2026-02-21T00:39:23.986638Z  INFO ralph_core::event_loop: Injecting 14 memories (3392 chars) into prompt
2026-02-21T00:39:23.986665Z  INFO ralph_core::event_loop: Injecting scratchpad (16686 chars) into prompt
2026-02-21T00:39:23.986704Z  INFO ralph_core::event_loop: Injecting ready tasks (1 ready, 2 open, 27 closed) into prompt
2026-02-21T00:44:06.560338Z  INFO ralph_core::event_loop: Memory injection check: enabled=true, inject=Auto, workspace_root="/home/mobrienv/projects/tonic"
2026-02-21T00:44:06.560356Z  INFO ralph_core::event_loop: Looking for memories at: "/home/mobrienv/projects/tonic/.ralph/agent/memories.md" (exists: true)
2026-02-21T00:44:06.560426Z  INFO ralph_core::event_loop: Successfully loaded 15 memories from store
2026-02-21T00:44:06.560434Z  INFO ralph_core::event_loop: Injecting 15 memories (3650 chars) into prompt
2026-02-21T00:44:06.560457Z  INFO ralph_core::event_loop: Injecting scratchpad (16942 chars) into prompt
2026-02-21T00:44:06.560496Z  INFO ralph_core::event_loop: Injecting ready tasks (0 ready, 1 open, 28 closed) into prompt
2026-02-21T00:47:11.630465Z  INFO ralph_core::event_loop: Memory injection check: enabled=true, inject=Auto, workspace_root="/home/mobrienv/projects/tonic"
2026-02-21T00:47:11.630485Z  INFO ralph_core::event_loop: Looking for memories at: "/home/mobrienv/projects/tonic/.ralph/agent/memories.md" (exists: true)
2026-02-21T00:47:11.630555Z  INFO ralph_core::event_loop: Successfully loaded 16 memories from store
2026-02-21T00:47:11.630564Z  INFO ralph_core::event_loop: Injecting 16 memories (3880 chars) into prompt
2026-02-21T00:47:11.630590Z  INFO ralph_core::event_loop: Injecting scratchpad (16909 chars) into prompt
2026-02-21T00:47:11.630717Z  INFO ralph_core::event_loop: Injecting ready tasks (0 ready, 1 open, 29 closed) into prompt
2026-02-21T00:52:04.151894Z  INFO ralph_core::event_loop: Memory injection check: enabled=true, inject=Auto, workspace_root="/home/mobrienv/projects/tonic"
2026-02-21T00:52:04.151914Z  INFO ralph_core::event_loop: Looking for memories at: "/home/mobrienv/projects/tonic/.ralph/agent/memories.md" (exists: true)
2026-02-21T00:52:04.152036Z  INFO ralph_core::event_loop: Successfully loaded 16 memories from store
2026-02-21T00:52:04.152044Z  INFO ralph_core::event_loop: Injecting 16 memories (3880 chars) into prompt
2026-02-21T00:52:04.152071Z  INFO ralph_core::event_loop: Injecting scratchpad (16881 chars) into prompt
2026-02-21T00:52:04.152119Z  INFO ralph_core::event_loop: Injecting ready tasks (1 ready, 2 open, 30 closed) into prompt
2026-02-21T00:56:48.239798Z  INFO ralph_core::event_loop: Memory injection check: enabled=true, inject=Auto, workspace_root="/home/mobrienv/projects/tonic"
2026-02-21T00:56:48.239816Z  INFO ralph_core::event_loop: Looking for memories at: "/home/mobrienv/projects/tonic/.ralph/agent/memories.md" (exists: true)
2026-02-21T00:56:48.239890Z  INFO ralph_core::event_loop: Successfully loaded 17 memories from store
2026-02-21T00:56:48.239898Z  INFO ralph_core::event_loop: Injecting 17 memories (4103 chars) into prompt
2026-02-21T00:56:48.239925Z  INFO ralph_core::event_loop: Injecting scratchpad (17031 chars) into prompt
2026-02-21T00:56:48.239969Z  INFO ralph_core::event_loop: Injecting ready tasks (0 ready, 1 open, 31 closed) into prompt
2026-02-21T00:59:28.574103Z  INFO ralph_core::event_loop: Memory injection check: enabled=true, inject=Auto, workspace_root="/home/mobrienv/projects/tonic"
2026-02-21T00:59:28.574422Z  INFO ralph_core::event_loop: Looking for memories at: "/home/mobrienv/projects/tonic/.ralph/agent/memories.md" (exists: true)
2026-02-21T00:59:28.574625Z  INFO ralph_core::event_loop: Successfully loaded 17 memories from store
2026-02-21T00:59:28.574636Z  INFO ralph_core::event_loop: Injecting 17 memories (4103 chars) into prompt
2026-02-21T00:59:28.574664Z  INFO ralph_core::event_loop: Injecting scratchpad (17153 chars) into prompt
2026-02-21T00:59:28.574771Z  INFO ralph_core::event_loop: Injecting ready tasks (1 ready, 2 open, 32 closed) into prompt
2026-02-21T01:05:53.740233Z  INFO ralph_core::event_loop: Memory injection check: enabled=true, inject=Auto, workspace_root="/home/mobrienv/projects/tonic"
2026-02-21T01:05:53.740450Z  INFO ralph_core::event_loop: Looking for memories at: "/home/mobrienv/projects/tonic/.ralph/agent/memories.md" (exists: true)
2026-02-21T01:05:53.740654Z  INFO ralph_core::event_loop: Successfully loaded 18 memories from store
2026-02-21T01:05:53.740665Z  INFO ralph_core::event_loop: Injecting 18 memories (4326 chars) into prompt
2026-02-21T01:05:53.740699Z  INFO ralph_core::event_loop: Injecting scratchpad (17190 chars) into prompt
2026-02-21T01:05:53.740819Z  INFO ralph_core::event_loop: Injecting ready tasks (0 ready, 1 open, 33 closed) into prompt
2026-02-21T01:10:23.367211Z  INFO ralph_core::event_loop: Memory injection check: enabled=true, inject=Auto, workspace_root="/home/mobrienv/projects/tonic"
2026-02-21T01:10:23.367247Z  INFO ralph_core::event_loop: Looking for memories at: "/home/mobrienv/projects/tonic/.ralph/agent/memories.md" (exists: true)
2026-02-21T01:10:23.367387Z  INFO ralph_core::event_loop: Successfully loaded 19 memories from store
2026-02-21T01:10:23.367407Z  INFO ralph_core::event_loop: Injecting 19 memories (4549 chars) into prompt
2026-02-21T01:10:23.367480Z  INFO ralph_core::event_loop: Injecting scratchpad (17314 chars) into prompt
2026-02-21T01:10:23.367655Z  INFO ralph_core::event_loop: Injecting ready tasks (1 ready, 2 open, 34 closed) into prompt
2026-02-21T01:14:28.164348Z  INFO ralph_core::event_loop: Memory injection check: enabled=true, inject=Auto, workspace_root="/home/mobrienv/projects/tonic"
2026-02-21T01:14:28.164721Z  INFO ralph_core::event_loop: Looking for memories at: "/home/mobrienv/projects/tonic/.ralph/agent/memories.md" (exists: true)
2026-02-21T01:14:28.164980Z  INFO ralph_core::event_loop: Successfully loaded 20 memories from store
2026-02-21T01:14:28.164991Z  INFO ralph_core::event_loop: Injecting 20 memories (4939 chars) into prompt
2026-02-21T01:14:28.165024Z  INFO ralph_core::event_loop: Injecting scratchpad (17357 chars) into prompt
2026-02-21T01:14:28.165079Z  INFO ralph_core::event_loop: Injecting ready tasks (0 ready, 1 open, 35 closed) into prompt
2026-02-21T01:16:30.875552Z  INFO ralph_core::event_loop: Memory injection check: enabled=true, inject=Auto, workspace_root="/home/mobrienv/projects/tonic"
2026-02-21T01:16:30.875571Z  INFO ralph_core::event_loop: Looking for memories at: "/home/mobrienv/projects/tonic/.ralph/agent/memories.md" (exists: true)
2026-02-21T01:16:30.875668Z  INFO ralph_core::event_loop: Successfully loaded 20 memories from store
2026-02-21T01:16:30.875681Z  INFO ralph_core::event_loop: Injecting 20 memories (4939 chars) into prompt
2026-02-21T01:16:30.875711Z  INFO ralph_core::event_loop: Injecting scratchpad (17217 chars) into prompt
2026-02-21T01:16:30.875827Z  INFO ralph_core::event_loop: Injecting ready tasks (1 ready, 2 open, 36 closed) into prompt
2026-02-21T01:25:15.938234Z  INFO ralph_core::event_loop: Memory injection check: enabled=true, inject=Auto, workspace_root="/home/mobrienv/projects/tonic"
2026-02-21T01:25:15.938254Z  INFO ralph_core::event_loop: Looking for memories at: "/home/mobrienv/projects/tonic/.ralph/agent/memories.md" (exists: true)
2026-02-21T01:25:15.938351Z  INFO ralph_core::event_loop: Successfully loaded 21 memories from store
2026-02-21T01:25:15.938362Z  INFO ralph_core::event_loop: Injecting 21 memories (5162 chars) into prompt
2026-02-21T01:25:15.938397Z  INFO ralph_core::event_loop: Injecting scratchpad (17431 chars) into prompt
2026-02-21T01:25:15.938453Z  INFO ralph_core::event_loop: Injecting ready tasks (0 ready, 1 open, 37 closed) into prompt
2026-02-21T01:27:19.762520Z  INFO ralph_core::event_loop: Memory injection check: enabled=true, inject=Auto, workspace_root="/home/mobrienv/projects/tonic"
2026-02-21T01:27:19.762542Z  INFO ralph_core::event_loop: Looking for memories at: "/home/mobrienv/projects/tonic/.ralph/agent/memories.md" (exists: true)
2026-02-21T01:27:19.762644Z  INFO ralph_core::event_loop: Successfully loaded 21 memories from store
2026-02-21T01:27:19.762657Z  INFO ralph_core::event_loop: Injecting 21 memories (5162 chars) into prompt
2026-02-21T01:27:19.762692Z  INFO ralph_core::event_loop: Injecting scratchpad (17531 chars) into prompt
2026-02-21T01:27:19.762741Z  INFO ralph_core::event_loop: Injecting ready tasks (1 ready, 2 open, 38 closed) into prompt
2026-02-21T01:32:27.805518Z  INFO ralph_core::event_loop: Memory injection check: enabled=true, inject=Auto, workspace_root="/home/mobrienv/projects/tonic"
2026-02-21T01:32:27.805539Z  INFO ralph_core::event_loop: Looking for memories at: "/home/mobrienv/projects/tonic/.ralph/agent/memories.md" (exists: true)
2026-02-21T01:32:27.805642Z  INFO ralph_core::event_loop: Successfully loaded 22 memories from store
2026-02-21T01:32:27.805674Z  INFO ralph_core::event_loop: Injecting 22 memories (5391 chars) into prompt
2026-02-21T01:32:27.805712Z  INFO ralph_core::event_loop: Injecting scratchpad (17662 chars) into prompt
2026-02-21T01:32:27.805761Z  INFO ralph_core::event_loop: Injecting ready tasks (0 ready, 1 open, 39 closed) into prompt
2026-02-21T01:38:19.567109Z  INFO ralph_core::event_loop: Memory injection check: enabled=true, inject=Auto, workspace_root="/home/mobrienv/projects/tonic"
2026-02-21T01:38:19.567131Z  INFO ralph_core::event_loop: Looking for memories at: "/home/mobrienv/projects/tonic/.ralph/agent/memories.md" (exists: true)
2026-02-21T01:38:19.567281Z  INFO ralph_core::event_loop: Successfully loaded 24 memories from store
2026-02-21T01:38:19.567293Z  INFO ralph_core::event_loop: Injecting 24 memories (6005 chars) into prompt
2026-02-21T01:38:19.567327Z  INFO ralph_core::event_loop: Injecting scratchpad (17743 chars) into prompt
2026-02-21T01:38:19.567383Z  INFO ralph_core::event_loop: Injecting ready tasks (0 ready, 1 open, 40 closed) into prompt
2026-02-21T01:40:15.272468Z  INFO ralph_core::event_loop: Memory injection check: enabled=true, inject=Auto, workspace_root="/home/mobrienv/projects/tonic"
2026-02-21T01:40:15.272488Z  INFO ralph_core::event_loop: Looking for memories at: "/home/mobrienv/projects/tonic/.ralph/agent/memories.md" (exists: true)
2026-02-21T01:40:15.272583Z  INFO ralph_core::event_loop: Successfully loaded 25 memories from store
2026-02-21T01:40:15.272595Z  INFO ralph_core::event_loop: Injecting 25 memories (6249 chars) into prompt
2026-02-21T01:40:15.272649Z  INFO ralph_core::event_loop: Injecting scratchpad (17718 chars) into prompt
2026-02-21T01:40:15.272700Z  INFO ralph_core::event_loop: Injecting ready tasks (1 ready, 2 open, 41 closed) into prompt
2026-02-21T01:44:42.997330Z  INFO ralph_core::event_loop: Memory injection check: enabled=true, inject=Auto, workspace_root="/home/mobrienv/projects/tonic"
2026-02-21T01:44:43.003435Z  INFO ralph_core::event_loop: Looking for memories at: "/home/mobrienv/projects/tonic/.ralph/agent/memories.md" (exists: true)
2026-02-21T01:44:43.003638Z  INFO ralph_core::event_loop: Successfully loaded 26 memories from store
2026-02-21T01:44:43.003652Z  INFO ralph_core::event_loop: Injecting 26 memories (6559 chars) into prompt
2026-02-21T01:44:43.003700Z  INFO ralph_core::event_loop: Injecting scratchpad (17774 chars) into prompt
2026-02-21T01:44:43.003768Z  INFO ralph_core::event_loop: Injecting ready tasks (0 ready, 1 open, 42 closed) into prompt
2026-02-21T01:47:12.359201Z  INFO ralph_core::event_loop: Memory injection check: enabled=true, inject=Auto, workspace_root="/home/mobrienv/projects/tonic"
2026-02-21T01:47:12.359224Z  INFO ralph_core::event_loop: Looking for memories at: "/home/mobrienv/projects/tonic/.ralph/agent/memories.md" (exists: true)
2026-02-21T01:47:12.359332Z  INFO ralph_core::event_loop: Successfully loaded 27 memories from store
2026-02-21T01:47:12.359343Z  INFO ralph_core::event_loop: Injecting 27 memories (6881 chars) into prompt
2026-02-21T01:47:12.359379Z  INFO ralph_core::event_loop: Injecting scratchpad (17765 chars) into prompt
2026-02-21T01:47:12.359426Z  INFO ralph_core::event_loop: Injecting ready tasks (1 ready, 2 open, 43 closed) into prompt
2026-02-21T01:51:14.532860Z  INFO ralph_core::event_loop: Memory injection check: enabled=true, inject=Auto, workspace_root="/home/mobrienv/projects/tonic"
2026-02-21T01:51:14.532879Z  INFO ralph_core::event_loop: Looking for memories at: "/home/mobrienv/projects/tonic/.ralph/agent/memories.md" (exists: true)
2026-02-21T01:51:14.533029Z  INFO ralph_core::event_loop: Successfully loaded 27 memories from store
2026-02-21T01:51:14.533041Z  INFO ralph_core::event_loop: Injecting 27 memories (6881 chars) into prompt
2026-02-21T01:51:14.533077Z  INFO ralph_core::event_loop: Injecting scratchpad (17974 chars) into prompt
2026-02-21T01:51:14.533132Z  INFO ralph_core::event_loop: Injecting ready tasks (0 ready, 1 open, 44 closed) into prompt
2026-02-21T01:55:03.136342Z  INFO ralph_core::event_loop: Memory injection check: enabled=true, inject=Auto, workspace_root="/home/mobrienv/projects/tonic"
2026-02-21T01:55:03.136363Z  INFO ralph_core::event_loop: Looking for memories at: "/home/mobrienv/projects/tonic/.ralph/agent/memories.md" (exists: true)
2026-02-21T01:55:03.136473Z  INFO ralph_core::event_loop: Successfully loaded 28 memories from store
2026-02-21T01:55:03.136487Z  INFO ralph_core::event_loop: Injecting 28 memories (7212 chars) into prompt
2026-02-21T01:55:03.136526Z  INFO ralph_core::event_loop: Injecting scratchpad (17916 chars) into prompt
2026-02-21T01:55:03.136645Z  INFO ralph_core::event_loop: Injecting ready tasks (0 ready, 1 open, 45 closed) into prompt
2026-02-21T01:57:08.315278Z  INFO ralph_core::event_loop: Memory injection check: enabled=true, inject=Auto, workspace_root="/home/mobrienv/projects/tonic"
2026-02-21T01:57:08.315300Z  INFO ralph_core::event_loop: Looking for memories at: "/home/mobrienv/projects/tonic/.ralph/agent/memories.md" (exists: true)
2026-02-21T01:57:08.315403Z  INFO ralph_core::event_loop: Successfully loaded 30 memories from store
2026-02-21T01:57:08.315415Z  INFO ralph_core::event_loop: Injecting 30 memories (7810 chars) into prompt
2026-02-21T01:57:08.315461Z  INFO ralph_core::event_loop: Injecting scratchpad (18024 chars) into prompt
2026-02-21T01:57:08.315557Z  INFO ralph_core::event_loop: Injecting ready tasks (1 ready, 2 open, 46 closed) into prompt
2026-02-21T02:01:23.993207Z  INFO ralph_core::event_loop: Memory injection check: enabled=true, inject=Auto, workspace_root="/home/mobrienv/projects/tonic"
2026-02-21T02:01:23.993493Z  INFO ralph_core::event_loop: Looking for memories at: "/home/mobrienv/projects/tonic/.ralph/agent/memories.md" (exists: true)
2026-02-21T02:01:23.993774Z  INFO ralph_core::event_loop: Successfully loaded 31 memories from store
2026-02-21T02:01:23.993788Z  INFO ralph_core::event_loop: Injecting 31 memories (8053 chars) into prompt
2026-02-21T02:01:23.993831Z  INFO ralph_core::event_loop: Injecting scratchpad (18044 chars) into prompt
2026-02-21T02:01:23.993892Z  INFO ralph_core::event_loop: Injecting ready tasks (0 ready, 1 open, 47 closed) into prompt
2026-02-21T02:03:32.236515Z  INFO ralph_core::event_loop: Memory injection check: enabled=true, inject=Auto, workspace_root="/home/mobrienv/projects/tonic"
2026-02-21T02:03:32.236537Z  INFO ralph_core::event_loop: Looking for memories at: "/home/mobrienv/projects/tonic/.ralph/agent/memories.md" (exists: true)
2026-02-21T02:03:32.236664Z  INFO ralph_core::event_loop: Successfully loaded 32 memories from store
2026-02-21T02:03:32.236678Z  INFO ralph_core::event_loop: Injecting 32 memories (8370 chars) into prompt
2026-02-21T02:03:32.236715Z  INFO ralph_core::event_loop: Injecting scratchpad (18198 chars) into prompt
2026-02-21T02:03:32.236779Z  INFO ralph_core::event_loop: Injecting ready tasks (1 ready, 2 open, 48 closed) into prompt
2026-02-21T02:08:12.596725Z  INFO ralph_core::event_loop: Memory injection check: enabled=true, inject=Auto, workspace_root="/home/mobrienv/projects/tonic"
2026-02-21T02:08:12.598710Z  INFO ralph_core::event_loop: Looking for memories at: "/home/mobrienv/projects/tonic/.ralph/agent/memories.md" (exists: true)
2026-02-21T02:08:12.602773Z  INFO ralph_core::event_loop: Successfully loaded 33 memories from store
2026-02-21T02:08:12.602816Z  INFO ralph_core::event_loop: Injecting 33 memories (8625 chars) into prompt
2026-02-21T02:08:12.603059Z  INFO ralph_core::event_loop: Injecting scratchpad (18259 chars) into prompt
2026-02-21T02:08:12.603698Z  INFO ralph_core::event_loop: Injecting ready tasks (0 ready, 1 open, 49 closed) into prompt
2026-02-21T02:11:25.830134Z  INFO ralph_core::event_loop: Memory injection check: enabled=true, inject=Auto, workspace_root="/home/mobrienv/projects/tonic"
2026-02-21T02:11:25.830155Z  INFO ralph_core::event_loop: Looking for memories at: "/home/mobrienv/projects/tonic/.ralph/agent/memories.md" (exists: true)
2026-02-21T02:11:25.830269Z  INFO ralph_core::event_loop: Successfully loaded 34 memories from store
2026-02-21T02:11:25.830282Z  INFO ralph_core::event_loop: Injecting 34 memories (8993 chars) into prompt
2026-02-21T02:11:25.830337Z  INFO ralph_core::event_loop: Injecting scratchpad (18148 chars) into prompt
2026-02-21T02:11:25.830460Z  INFO ralph_core::event_loop: Injecting ready tasks (1 ready, 2 open, 50 closed) into prompt
2026-02-21T02:15:10.933786Z  INFO ralph_core::event_loop: Memory injection check: enabled=true, inject=Auto, workspace_root="/home/mobrienv/projects/tonic"
2026-02-21T02:15:10.934100Z  INFO ralph_core::event_loop: Looking for memories at: "/home/mobrienv/projects/tonic/.ralph/agent/memories.md" (exists: true)
2026-02-21T02:15:10.936723Z  INFO ralph_core::event_loop: Successfully loaded 35 memories from store
2026-02-21T02:15:10.936744Z  INFO ralph_core::event_loop: Injecting 35 memories (9258 chars) into prompt
2026-02-21T02:15:10.936790Z  INFO ralph_core::event_loop: Injecting scratchpad (18241 chars) into prompt
2026-02-21T02:15:10.936855Z  INFO ralph_core::event_loop: Injecting ready tasks (0 ready, 1 open, 51 closed) into prompt
2026-02-21T02:19:39.395931Z  INFO ralph_core::event_loop: Memory injection check: enabled=true, inject=Auto, workspace_root="/home/mobrienv/projects/tonic"
2026-02-21T02:19:39.395951Z  INFO ralph_core::event_loop: Looking for memories at: "/home/mobrienv/projects/tonic/.ralph/agent/memories.md" (exists: true)
2026-02-21T02:19:39.396068Z  INFO ralph_core::event_loop: Successfully loaded 37 memories from store
2026-02-21T02:19:39.396089Z  INFO ralph_core::event_loop: Injecting 37 memories (10018 chars) into prompt
2026-02-21T02:19:39.396132Z  INFO ralph_core::event_loop: Injecting scratchpad (18197 chars) into prompt
2026-02-21T02:19:39.396232Z  INFO ralph_core::event_loop: Injecting ready tasks (0 ready, 1 open, 52 closed) into prompt
2026-02-21T02:22:48.904828Z  INFO ralph_core::event_loop: Memory injection check: enabled=true, inject=Auto, workspace_root="/home/mobrienv/projects/tonic"
2026-02-21T02:22:48.905293Z  INFO ralph_core::event_loop: Looking for memories at: "/home/mobrienv/projects/tonic/.ralph/agent/memories.md" (exists: true)
2026-02-21T02:22:48.906649Z  INFO ralph_core::event_loop: Successfully loaded 38 memories from store
2026-02-21T02:22:48.906664Z  INFO ralph_core::event_loop: Injecting 38 memories (10383 chars) into prompt
2026-02-21T02:22:48.906713Z  INFO ralph_core::event_loop: Injecting scratchpad (18465 chars) into prompt
2026-02-21T02:22:48.906835Z  INFO ralph_core::event_loop: Injecting ready tasks (1 ready, 2 open, 53 closed) into prompt
2026-02-21T02:27:20.447406Z  INFO ralph_core::event_loop: Memory injection check: enabled=true, inject=Auto, workspace_root="/home/mobrienv/projects/tonic"
2026-02-21T02:27:20.447424Z  INFO ralph_core::event_loop: Looking for memories at: "/home/mobrienv/projects/tonic/.ralph/agent/memories.md" (exists: true)
2026-02-21T02:27:20.447618Z  INFO ralph_core::event_loop: Successfully loaded 39 memories from store
2026-02-21T02:27:20.447634Z  INFO ralph_core::event_loop: Injecting 39 memories (10686 chars) into prompt
2026-02-21T02:27:20.447678Z  INFO ralph_core::event_loop: Injecting scratchpad (18382 chars) into prompt
2026-02-21T02:27:20.447729Z  INFO ralph_core::event_loop: Injecting ready tasks (0 ready, 1 open, 54 closed) into prompt
2026-02-21T02:30:35.272135Z  INFO ralph_core::event_loop: Memory injection check: enabled=true, inject=Auto, workspace_root="/home/mobrienv/projects/tonic"
2026-02-21T02:30:35.272155Z  INFO ralph_core::event_loop: Looking for memories at: "/home/mobrienv/projects/tonic/.ralph/agent/memories.md" (exists: true)
2026-02-21T02:30:35.272278Z  INFO ralph_core::event_loop: Successfully loaded 40 memories from store
2026-02-21T02:30:35.272293Z  INFO ralph_core::event_loop: Injecting 40 memories (11066 chars) into prompt
2026-02-21T02:30:35.272338Z  INFO ralph_core::event_loop: Injecting scratchpad (18589 chars) into prompt
2026-02-21T02:30:35.272440Z  INFO ralph_core::event_loop: Injecting ready tasks (1 ready, 2 open, 55 closed) into prompt
2026-02-21T02:34:34.287156Z  INFO ralph_core::event_loop: Memory injection check: enabled=true, inject=Auto, workspace_root="/home/mobrienv/projects/tonic"
2026-02-21T02:34:34.287181Z  INFO ralph_core::event_loop: Looking for memories at: "/home/mobrienv/projects/tonic/.ralph/agent/memories.md" (exists: true)
2026-02-21T02:34:34.287367Z  INFO ralph_core::event_loop: Successfully loaded 41 memories from store
2026-02-21T02:34:34.287385Z  INFO ralph_core::event_loop: Injecting 41 memories (11343 chars) into prompt
2026-02-21T02:34:34.287429Z  INFO ralph_core::event_loop: Injecting scratchpad (18539 chars) into prompt
2026-02-21T02:34:34.287485Z  INFO ralph_core::event_loop: Injecting ready tasks (0 ready, 1 open, 56 closed) into prompt
2026-02-21T02:38:21.258421Z  INFO ralph_core::event_loop: Memory injection check: enabled=true, inject=Auto, workspace_root="/home/mobrienv/projects/tonic"
2026-02-21T02:38:21.258788Z  INFO ralph_core::event_loop: Looking for memories at: "/home/mobrienv/projects/tonic/.ralph/agent/memories.md" (exists: true)
2026-02-21T02:38:21.258991Z  INFO ralph_core::event_loop: Successfully loaded 42 memories from store
2026-02-21T02:38:21.259008Z  INFO ralph_core::event_loop: Injecting 42 memories (11697 chars) into prompt
2026-02-21T02:38:21.259058Z  INFO ralph_core::event_loop: Injecting scratchpad (18635 chars) into prompt
2026-02-21T02:38:21.259120Z  INFO ralph_core::event_loop: Injecting ready tasks (1 ready, 2 open, 57 closed) into prompt
2026-02-21T02:42:58.070045Z  INFO ralph_core::event_loop: Memory injection check: enabled=true, inject=Auto, workspace_root="/home/mobrienv/projects/tonic"
2026-02-21T02:42:58.070067Z  INFO ralph_core::event_loop: Looking for memories at: "/home/mobrienv/projects/tonic/.ralph/agent/memories.md" (exists: true)
2026-02-21T02:42:58.070235Z  INFO ralph_core::event_loop: Successfully loaded 43 memories from store
2026-02-21T02:42:58.070253Z  INFO ralph_core::event_loop: Injecting 43 memories (11992 chars) into prompt
2026-02-21T02:42:58.070306Z  INFO ralph_core::event_loop: Injecting scratchpad (18705 chars) into prompt
2026-02-21T02:42:58.070360Z  INFO ralph_core::event_loop: Injecting ready tasks (0 ready, 1 open, 58 closed) into prompt
2026-02-21T02:45:08.528310Z  INFO ralph_core::event_loop: Memory injection check: enabled=true, inject=Auto, workspace_root="/home/mobrienv/projects/tonic"
2026-02-21T02:45:08.528328Z  INFO ralph_core::event_loop: Looking for memories at: "/home/mobrienv/projects/tonic/.ralph/agent/memories.md" (exists: true)
2026-02-21T02:45:08.528480Z  INFO ralph_core::event_loop: Successfully loaded 45 memories from store
2026-02-21T02:45:08.528495Z  INFO ralph_core::event_loop: Injecting 45 memories (12635 chars) into prompt
2026-02-21T02:45:08.528545Z  INFO ralph_core::event_loop: Injecting scratchpad (18694 chars) into prompt
2026-02-21T02:45:08.528611Z  INFO ralph_core::event_loop: Injecting ready tasks (1 ready, 2 open, 59 closed) into prompt
2026-02-21T02:48:49.910926Z  INFO ralph_core::event_loop: Memory injection check: enabled=true, inject=Auto, workspace_root="/home/mobrienv/projects/tonic"
2026-02-21T02:48:49.910945Z  INFO ralph_core::event_loop: Looking for memories at: "/home/mobrienv/projects/tonic/.ralph/agent/memories.md" (exists: true)
2026-02-21T02:48:49.911142Z  INFO ralph_core::event_loop: Successfully loaded 46 memories from store
2026-02-21T02:48:49.911162Z  INFO ralph_core::event_loop: Injecting 46 memories (12909 chars) into prompt
2026-02-21T02:48:49.911210Z  INFO ralph_core::event_loop: Injecting scratchpad (18722 chars) into prompt
2026-02-21T02:48:49.911272Z  INFO ralph_core::event_loop: Injecting ready tasks (0 ready, 1 open, 60 closed) into prompt
2026-02-21T02:50:58.527744Z  INFO ralph_core::event_loop: Memory injection check: enabled=true, inject=Auto, workspace_root="/home/mobrienv/projects/tonic"
2026-02-21T02:50:58.527764Z  INFO ralph_core::event_loop: Looking for memories at: "/home/mobrienv/projects/tonic/.ralph/agent/memories.md" (exists: true)
2026-02-21T02:50:58.527917Z  INFO ralph_core::event_loop: Successfully loaded 47 memories from store
2026-02-21T02:50:58.527940Z  INFO ralph_core::event_loop: Injecting 47 memories (13292 chars) into prompt
2026-02-21T02:50:58.527990Z  INFO ralph_core::event_loop: Injecting scratchpad (18928 chars) into prompt
2026-02-21T02:50:58.528111Z  INFO ralph_core::event_loop: Injecting ready tasks (1 ready, 2 open, 61 closed) into prompt
2026-02-21T02:55:33.537092Z  INFO ralph_core::event_loop: Memory injection check: enabled=true, inject=Auto, workspace_root="/home/mobrienv/projects/tonic"
2026-02-21T02:55:33.537112Z  INFO ralph_core::event_loop: Looking for memories at: "/home/mobrienv/projects/tonic/.ralph/agent/memories.md" (exists: true)
2026-02-21T02:55:33.537241Z  INFO ralph_core::event_loop: Successfully loaded 47 memories from store
2026-02-21T02:55:33.537257Z  INFO ralph_core::event_loop: Injecting 47 memories (13292 chars) into prompt
2026-02-21T02:55:33.537302Z  INFO ralph_core::event_loop: Injecting scratchpad (18894 chars) into prompt
2026-02-21T02:55:33.537360Z  INFO ralph_core::event_loop: Injecting ready tasks (0 ready, 1 open, 62 closed) into prompt
2026-02-21T02:59:07.998340Z  INFO ralph_core::event_loop: Memory injection check: enabled=true, inject=Auto, workspace_root="/home/mobrienv/projects/tonic"
2026-02-21T02:59:07.998360Z  INFO ralph_core::event_loop: Looking for memories at: "/home/mobrienv/projects/tonic/.ralph/agent/memories.md" (exists: true)
2026-02-21T02:59:07.998496Z  INFO ralph_core::event_loop: Successfully loaded 48 memories from store
2026-02-21T02:59:07.998513Z  INFO ralph_core::event_loop: Injecting 48 memories (13690 chars) into prompt
2026-02-21T02:59:07.998562Z  INFO ralph_core::event_loop: Injecting scratchpad (18802 chars) into prompt
2026-02-21T02:59:07.998633Z  INFO ralph_core::event_loop: Injecting ready tasks (1 ready, 2 open, 63 closed) into prompt
2026-02-21T03:02:56.949519Z  INFO ralph_core::event_loop: Memory injection check: enabled=true, inject=Auto, workspace_root="/home/mobrienv/projects/tonic"
2026-02-21T03:02:56.949538Z  INFO ralph_core::event_loop: Looking for memories at: "/home/mobrienv/projects/tonic/.ralph/agent/memories.md" (exists: true)
2026-02-21T03:02:56.949710Z  INFO ralph_core::event_loop: Successfully loaded 49 memories from store
2026-02-21T03:02:56.949749Z  INFO ralph_core::event_loop: Injecting 49 memories (13967 chars) into prompt
2026-02-21T03:02:56.949816Z  INFO ralph_core::event_loop: Injecting scratchpad (18974 chars) into prompt
2026-02-21T03:02:56.949934Z  INFO ralph_core::event_loop: Injecting ready tasks (0 ready, 1 open, 64 closed) into prompt
2026-02-21T03:05:52.241331Z  INFO ralph_core::event_loop: Memory injection check: enabled=true, inject=Auto, workspace_root="/home/mobrienv/projects/tonic"
2026-02-21T03:05:52.241351Z  INFO ralph_core::event_loop: Looking for memories at: "/home/mobrienv/projects/tonic/.ralph/agent/memories.md" (exists: true)
2026-02-21T03:05:52.241500Z  INFO ralph_core::event_loop: Successfully loaded 52 memories from store
2026-02-21T03:05:52.241516Z  INFO ralph_core::event_loop: Injecting 52 memories (15053 chars) into prompt
2026-02-21T03:05:52.241574Z  INFO ralph_core::event_loop: Injecting scratchpad (18981 chars) into prompt
2026-02-21T03:05:52.241702Z  INFO ralph_core::event_loop: Injecting ready tasks (1 ready, 2 open, 65 closed) into prompt
2026-02-21T03:08:27.875099Z  INFO ralph_core::event_loop: Memory injection check: enabled=true, inject=Auto, workspace_root="/home/mobrienv/projects/tonic"
2026-02-21T03:08:27.875118Z  INFO ralph_core::event_loop: Looking for memories at: "/home/mobrienv/projects/tonic/.ralph/agent/memories.md" (exists: true)
2026-02-21T03:08:27.875258Z  INFO ralph_core::event_loop: Successfully loaded 52 memories from store
2026-02-21T03:08:27.875274Z  INFO ralph_core::event_loop: Injecting 52 memories (15053 chars) into prompt
2026-02-21T03:08:27.875332Z  INFO ralph_core::event_loop: Injecting scratchpad (19062 chars) into prompt
2026-02-21T03:08:27.875445Z  INFO ralph_core::event_loop: Injecting ready tasks (0 ready, 1 open, 66 closed) into prompt
2026-02-21T03:15:32.013334Z  INFO ralph_core::event_loop: Memory injection check: enabled=true, inject=Auto, workspace_root="/home/mobrienv/projects/tonic"
2026-02-21T03:15:32.013354Z  INFO ralph_core::event_loop: Looking for memories at: "/home/mobrienv/projects/tonic/.ralph/agent/memories.md" (exists: true)
2026-02-21T03:15:32.013508Z  INFO ralph_core::event_loop: Successfully loaded 53 memories from store
2026-02-21T03:15:32.013525Z  INFO ralph_core::event_loop: Injecting 53 memories (15400 chars) into prompt
2026-02-21T03:15:32.013575Z  INFO ralph_core::event_loop: Injecting scratchpad (19152 chars) into prompt
2026-02-21T03:15:32.013651Z  INFO ralph_core::event_loop: Injecting ready tasks (1 ready, 2 open, 67 closed) into prompt
2026-02-21T03:20:28.642728Z  INFO ralph_core::event_loop: Memory injection check: enabled=true, inject=Auto, workspace_root="/home/mobrienv/projects/tonic"
2026-02-21T03:20:28.642748Z  INFO ralph_core::event_loop: Looking for memories at: "/home/mobrienv/projects/tonic/.ralph/agent/memories.md" (exists: true)
2026-02-21T03:20:28.642887Z  INFO ralph_core::event_loop: Successfully loaded 54 memories from store
2026-02-21T03:20:28.642906Z  INFO ralph_core::event_loop: Injecting 54 memories (15671 chars) into prompt
2026-02-21T03:20:28.642956Z  INFO ralph_core::event_loop: Injecting scratchpad (19214 chars) into prompt
2026-02-21T03:20:28.643082Z  INFO ralph_core::event_loop: Injecting ready tasks (0 ready, 1 open, 68 closed) into prompt
2026-02-21T03:23:27.529908Z  INFO ralph_core::event_loop: Wrapping up: max_runtime. 70 iterations in 4h 2m 14s. reason=max_runtime iterations=70 duration=4h 2m 14s
